<?xml version="1.0" encoding="UTF-8" ?>
<testsuite failures="0" time="7.106" errors="0" skipped="0" tests="8" name="org.directmemory.cache.test.CacheLightConcurrentTest">
  <properties>
[...]
</properties>
  <testcase time="0.815" classname="org.directmemory.cache.test.CacheLightConcurrentTest" name="store"/>
  <testcase time="0.054" classname="org.directmemory.cache.test.CacheLightConcurrentTest" name="storeSomeWithExpiry"/>
  <testcase time="2.067" classname="org.directmemory.cache.test.CacheLightConcurrentTest" name="retrieveCatchThemAll"/>
  <testcase time="1.002" classname="org.directmemory.cache.test.CacheLightConcurrentTest" name="retrieveCatchHalfOfThem"/>
  <testcase time="0.004" classname="org.directmemory.cache.test.CacheLightConcurrentTest" name="LFUEviction"/>
  <testcase time="0.189" classname="org.directmemory.cache.test.CacheLightConcurrentTest" name="write1Read8AndSomeDisposal"/>
  <testcase time="1.193" classname="org.directmemory.cache.test.CacheLightConcurrentTest" name="write3Read7"/>
  <testcase time="1.203" classname="org.directmemory.cache.test.CacheLightConcurrentTest" name="write1Read9"/>
</testsuite>